<?xml version="1.0" encoding="UTF-8"?>
<!-- Generated by org.testng.reporters.JUnitXMLReporter -->
<testsuite ignored="3" hostname="DESKTOP-5I5OESD" failures="0" tests="1" name="Test" time="59.954" errors="0" timestamp="2023-10-11T13:31:58 IST">
  <testcase classname="com.mystore.testcases.TC_LoginPage" name="buyProduct" time="51.097"/>
  <testcase classname="com.mystore.testcases.TC_LoginPage" name="verifyUserLoginAndRegis" time="0.0">
    <ignored/>
  </testcase> <!-- verifyUserLoginAndRegis -->
  <testcase classname="com.mystore.testcases.TC_LoginPage" name="searchProduct" time="0.0">
    <ignored/>
  </testcase> <!-- searchProduct -->
  <testcase classname="com.mystore.testcases.TC_LoginPage" name="verifyLogin" time="0.0">
    <ignored/>
  </testcase> <!-- verifyLogin -->
</testsuite> <!-- Test -->
