<?xml version="1.0" encoding="UTF-8"?>
<testng-results ignored="0" total="1" passed="1" failed="0" skipped="0">
  <reporter-output>
  </reporter-output>
  <suite started-at="2023-10-11T13:30:58 IST" name="Suite" finished-at="2023-10-11T13:31:58 IST" duration-ms="59954">
    <groups>
    </groups>
    <test started-at="2023-10-11T13:30:58 IST" name="Test" finished-at="2023-10-11T13:31:58 IST" duration-ms="59954">
      <class name="com.mystore.testcases.TC_LoginPage">
        <test-method is-config="true" signature="setup()[pri:0, instance:com.mystore.testcases.TC_LoginPage@6fa51cd4]" started-at="2023-10-11T13:30:58 IST" name="setup" finished-at="2023-10-11T13:31:06 IST" duration-ms="8233" status="PASS">
          <reporter-output>
          </reporter-output>
        </test-method> <!-- setup -->
        <test-method signature="buyProduct()[pri:0, instance:com.mystore.testcases.TC_LoginPage@6fa51cd4]" started-at="2023-10-11T13:31:06 IST" name="buyProduct" finished-at="2023-10-11T13:31:57 IST" duration-ms="51097" status="PASS">
          <reporter-output>
          </reporter-output>
        </test-method> <!-- buyProduct -->
        <test-method is-config="true" signature="tearDown()[pri:0, instance:com.mystore.testcases.TC_LoginPage@6fa51cd4]" started-at="2023-10-11T13:31:57 IST" name="tearDown" finished-at="2023-10-11T13:31:58 IST" duration-ms="321" status="PASS">
          <reporter-output>
          </reporter-output>
        </test-method> <!-- tearDown -->
      </class> <!-- com.mystore.testcases.TC_LoginPage -->
    </test> <!-- Test -->
  </suite> <!-- Suite -->
</testng-results>
